行 172: 控件 CommonDialog1 的类 MSComDlg.CommonDialog 不是一个已加载的控件类。
行 362: 控件 StatusBar1 的类 MSComctlLib.StatusBar 不是一个已加载的控件类。
行 1033: 控件 MSFL_results 的类 MSFlexGridLib.MSFlexGrid 不是一个已加载的控件类。
行 1055: 控件 MSFL_data 的类 MSFlexGridLib.MSFlexGrid 不是一个已加载的控件类。
行 1151: 控件 Toolbar1 的类 MSComctlLib.Toolbar 不是一个已加载的控件类。
行 1243: 控件 ImageList2 的类 MSComctlLib.ImageList 不是一个已加载的控件类。
行 175: 属性名 _ExtentX 在 CommonDialog1 中是无效的。
行 176: 属性名 _ExtentY 在 CommonDialog1 中是无效的。
行 177: 属性名 _Version 在 CommonDialog1 中是无效的。
行 369: 属性名 _ExtentX 在 StatusBar1 中是无效的。
行 370: 属性名 _ExtentY 在 StatusBar1 中是无效的。
行 371: 属性名 _Version 在 StatusBar1 中是无效的。
行 396: 属性名 Panels 在 StatusBar1 中是无效的。
行 1039: 属性名 _ExtentX 在 MSFL_results 中是无效的。
行 1040: 属性名 _ExtentY 在 MSFL_results 中是无效的。
行 1041: 属性名 _Version 在 MSFL_results 中是无效的。
行 1042: 属性名 Rows 在 MSFL_results 中是无效的。
行 1043: 属性名 ScrollTrack 在 MSFL_results 中是无效的。
行 1044: 属性名 ScrollBars 在 MSFL_results 中是无效的。
行 1061: 属性名 _ExtentX 在 MSFL_data 中是无效的。
行 1062: 属性名 _ExtentY 在 MSFL_data 中是无效的。
行 1063: 属性名 _Version 在 MSFL_data 中是无效的。
行 1064: 属性名 Rows 在 MSFL_data 中是无效的。
行 1065: 属性名 ScrollTrack 在 MSFL_data 中是无效的。
行 1158: 属性名 _ExtentX 在 Toolbar1 中是无效的。
行 1159: 属性名 _ExtentY 在 Toolbar1 中是无效的。
行 1160: 属性名 ButtonWidth 在 Toolbar1 中是无效的。
行 1161: 属性名 ButtonHeight 在 Toolbar1 中是无效的。
行 1163: 属性名 ImageList 在 Toolbar1 中是无效的。
行 1164: 属性名 _Version 在 Toolbar1 中是无效的。
行 1242: 属性名 Buttons 在 Toolbar1 中是无效的。
行 1246: 属性名 _ExtentX 在 ImageList2 中是无效的。
行 1247: 属性名 _ExtentY 在 ImageList2 中是无效的。
行 1249: 属性名 ImageWidth 在 ImageList2 中是无效的。
行 1250: 属性名 ImageHeight 在 ImageList2 中是无效的。
行 1251: 属性名 MaskColor 在 ImageList2 中是无效的。
行 1252: 属性名 _Version 在 ImageList2 中是无效的。
行 1343: 属性名 Images 在 ImageList2 中是无效的。
